<?xml version="1.0" encoding="UTF-8"?>
<testng-results skipped="0" failed="0" ignored="0" total="1" passed="1">
  <reporter-output>
    <line>
      <![CDATA[TestA..]]>
    </line>
  </reporter-output>
  <suite name="Default suite" duration-ms="47" started-at="2018-12-03T10:24:51Z" finished-at="2018-12-03T10:24:51Z">
    <groups>
    </groups>
    <test name="Default test" duration-ms="47" started-at="2018-12-03T10:24:51Z" finished-at="2018-12-03T10:24:51Z">
      <class name="qsp.test">
        <test-method status="PASS" signature="testA()[pri:0, instance:qsp.test@343f4d3d]" name="testA" duration-ms="16" started-at="2018-12-03T10:24:51Z" finished-at="2018-12-03T10:24:51Z">
          <reporter-output>
            <line>
              <![CDATA[TestA..]]>
            </line>
          </reporter-output>
        </test-method> <!-- testA -->
      </class> <!-- qsp.test -->
    </test> <!-- Default test -->
  </suite> <!-- Default suite -->
</testng-results>
